*** Starting uWSGI 2.0.19.1 (64bit) on [Wed Dec  2 14:57:44 2020] ***
compiled with version: Apple LLVM 12.0.0 (clang-1200.0.32.27) on 02 December 2020 06:33:11
os: Darwin-19.6.0 Darwin Kernel Version 19.6.0: Mon Aug 31 22:12:52 PDT 2020; root:xnu-6153.141.2~1/RELEASE_X86_64
nodename: wangqiangdeMacBook-Pro.local
machine: x86_64
clock source: unix
detected number of CPU cores: 8
current working directory: /Users/wangqiang/PycharmProjects/simple-django-login-and-register/source
detected binary path: /usr/local/bin/uwsgi
!!! no internal routing support, rebuild with pcre support !!!
chdir() to /Users/wangqiang/PycharmProjects/simple-django-login-and-register/source
your processes number limit is 1392
your memory page size is 4096 bytes
detected max file descriptor number: 2560
lock engine: OSX spinlocks
thunder lock: disabled (you can enable it with --thunder-lock)
uwsgi socket 0 bound to TCP address 127.0.0.1:8000         //对本机8000端口提供服务 fd 3
Python version: 3.7.6 (default, Dec 30 2019, 19:38:28)  [Clang 11.0.0 (clang-1100.0.33.16)]
*** Python threads support is disabled. You can enable it with --enable-threads ***
Python main interpreter initialized at 0x7fc1d4c0a280
your server socket listen backlog is limited to 100 connections
your mercy for graceful operations on workers is 60 seconds
mapped 145792 bytes (142 KB) for 1 cores
*** Operational MODE: single process ***
unable to load app 0 (mountpoint='') (callable not found or import error)
*** no app loaded. going in full dynamic mode ***
*** uWSGI is running in multiple interpreter mode ***
spawned uWSGI master process (pid: 39277)
spawned uWSGI worker 1 (pid: 39278, cores: 1)
invalid request block size: 21573 (max 4096)...skip
--- no python application found, check your startup logs for errors ---
--- no python application found, check your startup logs for errors ---
*** Starting uWSGI 2.0.19.1 (64bit) on [Wed Dec  2 15:00:43 2020] ***
compiled with version: Apple LLVM 12.0.0 (clang-1200.0.32.27) on 02 December 2020 06:33:11
os: Darwin-19.6.0 Darwin Kernel Version 19.6.0: Mon Aug 31 22:12:52 PDT 2020; root:xnu-6153.141.2~1/RELEASE_X86_64
nodename: wangqiangdeMacBook-Pro.local
machine: x86_64
clock source: unix
detected number of CPU cores: 8
current working directory: /Users/wangqiang/PycharmProjects/simple-django-login-and-register/source
detected binary path: /usr/local/bin/uwsgi
!!! no internal routing support, rebuild with pcre support !!!
chdir() to /Users/wangqiang/PycharmProjects/simple-django-login-and-register/source
your processes number limit is 1392
your memory page size is 4096 bytes
detected max file descriptor number: 2560
lock engine: OSX spinlocks
thunder lock: disabled (you can enable it with --thunder-lock)
uwsgi socket 0 bound to TCP address 127.0.0.1:8000         //对本机8000端口提供服务 fd 3
Python version: 3.7.6 (default, Dec 30 2019, 19:38:28)  [Clang 11.0.0 (clang-1100.0.33.16)]
*** Python threads support is disabled. You can enable it with --enable-threads ***
Python main interpreter initialized at 0x7fa200006020
your server socket listen backlog is limited to 100 connections
your mercy for graceful operations on workers is 60 seconds
mapped 145792 bytes (142 KB) for 1 cores
*** Operational MODE: single process ***
unable to load app 0 (mountpoint='') (callable not found or import error)
*** no app loaded. going in full dynamic mode ***
*** uWSGI is running in multiple interpreter mode ***
spawned uWSGI master process (pid: 39371)
spawned uWSGI worker 1 (pid: 39372, cores: 1)
--- no python application found, check your startup logs for errors ---
--- no python application found, check your startup logs for errors ---
--- no python application found, check your startup logs for errors ---
--- no python application found, check your startup logs for errors ---
*** Starting uWSGI 2.0.19.1 (64bit) on [Wed Dec  2 15:18:32 2020] ***
compiled with version: Apple LLVM 12.0.0 (clang-1200.0.32.27) on 02 December 2020 06:33:11
os: Darwin-19.6.0 Darwin Kernel Version 19.6.0: Mon Aug 31 22:12:52 PDT 2020; root:xnu-6153.141.2~1/RELEASE_X86_64
nodename: wangqiangdeMacBook-Pro.local
machine: x86_64
clock source: unix
detected number of CPU cores: 8
current working directory: /Users/wangqiang/PycharmProjects/simple-django-login-and-register/source
detected binary path: /usr/local/bin/uwsgi
!!! no internal routing support, rebuild with pcre support !!!
chdir() to /Users/wangqiang/PycharmProjects/simple-django-login-and-register/source
your processes number limit is 1392
your memory page size is 4096 bytes
detected max file descriptor number: 2560
lock engine: OSX spinlocks
thunder lock: disabled (you can enable it with --thunder-lock)
uwsgi socket 0 bound to TCP address 127.0.0.1:8000         //对本机8000端口提供服务 fd 3
Python version: 3.7.6 (default, Dec 30 2019, 19:38:28)  [Clang 11.0.0 (clang-1100.0.33.16)]
*** Python threads support is disabled. You can enable it with --enable-threads ***
Python main interpreter initialized at 0x7fa903c0bd30
your server socket listen backlog is limited to 100 connections
your mercy for graceful operations on workers is 60 seconds
mapped 145792 bytes (142 KB) for 1 cores
*** Operational MODE: single process ***
unable to load app 0 (mountpoint='') (callable not found or import error)
*** no app loaded. going in full dynamic mode ***
*** uWSGI is running in multiple interpreter mode ***
spawned uWSGI master process (pid: 39837)
spawned uWSGI worker 1 (pid: 39838, cores: 1)
--- no python application found, check your startup logs for errors ---
--- no python application found, check your startup logs for errors ---
*** Starting uWSGI 2.0.19.1 (64bit) on [Wed Dec  2 15:30:42 2020] ***
compiled with version: Apple LLVM 12.0.0 (clang-1200.0.32.27) on 02 December 2020 06:33:11
os: Darwin-19.6.0 Darwin Kernel Version 19.6.0: Mon Aug 31 22:12:52 PDT 2020; root:xnu-6153.141.2~1/RELEASE_X86_64
nodename: wangqiangdeMacBook-Pro.local
machine: x86_64
clock source: unix
detected number of CPU cores: 8
current working directory: /Users/wangqiang/PycharmProjects/simple-django-login-and-register/source
detected binary path: /usr/local/bin/uwsgi
!!! no internal routing support, rebuild with pcre support !!!
chdir() to /Users/wangqiang/PycharmProjects/simple-django-login-and-register/source
your processes number limit is 1392
your memory page size is 4096 bytes
detected max file descriptor number: 2560
lock engine: OSX spinlocks
thunder lock: disabled (you can enable it with --thunder-lock)
uwsgi socket 0 bound to TCP address 127.0.0.1:8000         //对本机8000端口提供服务 fd 3
Python version: 3.7.6 (default, Dec 30 2019, 19:38:28)  [Clang 11.0.0 (clang-1100.0.33.16)]
*** Python threads support is disabled. You can enable it with --enable-threads ***
Python main interpreter initialized at 0x7ff0a2d092c0
your server socket listen backlog is limited to 100 connections
your mercy for graceful operations on workers is 60 seconds
mapped 145792 bytes (142 KB) for 1 cores
*** Operational MODE: single process ***
unable to load app 0 (mountpoint='') (callable not found or import error)
*** no app loaded. going in full dynamic mode ***
*** uWSGI is running in multiple interpreter mode ***
spawned uWSGI master process (pid: 40162)
spawned uWSGI worker 1 (pid: 40163, cores: 1)
*** Starting uWSGI 2.0.19.1 (64bit) on [Wed Dec  2 15:30:50 2020] ***
compiled with version: Apple LLVM 12.0.0 (clang-1200.0.32.27) on 02 December 2020 06:33:11
os: Darwin-19.6.0 Darwin Kernel Version 19.6.0: Mon Aug 31 22:12:52 PDT 2020; root:xnu-6153.141.2~1/RELEASE_X86_64
nodename: wangqiangdeMacBook-Pro.local
machine: x86_64
clock source: unix
detected number of CPU cores: 8
current working directory: /Users/wangqiang/PycharmProjects/simple-django-login-and-register/source
detected binary path: /usr/local/bin/uwsgi
!!! no internal routing support, rebuild with pcre support !!!
chdir() to /Users/wangqiang/PycharmProjects/simple-django-login-and-register/source
your processes number limit is 1392
your memory page size is 4096 bytes
detected max file descriptor number: 2560
lock engine: OSX spinlocks
thunder lock: disabled (you can enable it with --thunder-lock)
uwsgi socket 0 bound to TCP address 127.0.0.1:8000         //对本机8000端口提供服务 fd 3
Python version: 3.7.6 (default, Dec 30 2019, 19:38:28)  [Clang 11.0.0 (clang-1100.0.33.16)]
*** Python threads support is disabled. You can enable it with --enable-threads ***
Python main interpreter initialized at 0x7fa2b7f06520
your server socket listen backlog is limited to 100 connections
your mercy for graceful operations on workers is 60 seconds
mapped 145792 bytes (142 KB) for 1 cores
*** Operational MODE: single process ***
unable to load app 0 (mountpoint='') (callable not found or import error)
*** no app loaded. going in full dynamic mode ***
*** uWSGI is running in multiple interpreter mode ***
spawned uWSGI master process (pid: 40167)
spawned uWSGI worker 1 (pid: 40172, cores: 1)
invalid request block size: 21573 (max 4096)...skip
*** Starting uWSGI 2.0.19.1 (64bit) on [Wed Dec  2 15:37:02 2020] ***
compiled with version: Apple LLVM 12.0.0 (clang-1200.0.32.27) on 02 December 2020 06:33:11
os: Darwin-19.6.0 Darwin Kernel Version 19.6.0: Mon Aug 31 22:12:52 PDT 2020; root:xnu-6153.141.2~1/RELEASE_X86_64
nodename: wangqiangdeMacBook-Pro.local
machine: x86_64
clock source: unix
detected number of CPU cores: 8
current working directory: /Users/wangqiang/PycharmProjects/simple-django-login-and-register/source
detected binary path: /usr/local/bin/uwsgi
!!! no internal routing support, rebuild with pcre support !!!
chdir() to /Users/wangqiang/PycharmProjects/simple-django-login-and-register/source
your processes number limit is 1392
your memory page size is 4096 bytes
detected max file descriptor number: 2560
lock engine: OSX spinlocks
thunder lock: disabled (you can enable it with --thunder-lock)
uwsgi socket 0 bound to TCP address 127.0.0.1:8000         //对本机8000端口提供服务 fd 3
Python version: 3.7.6 (default, Dec 30 2019, 19:38:28)  [Clang 11.0.0 (clang-1100.0.33.16)]
*** Python threads support is disabled. You can enable it with --enable-threads ***
Python main interpreter initialized at 0x7fcdcd6063f0
your server socket listen backlog is limited to 100 connections
your mercy for graceful operations on workers is 60 seconds
mapped 145792 bytes (142 KB) for 1 cores
*** Operational MODE: single process ***
ModuleNotFoundError: No module named 'app.wsgi     //  指定wsgi模块下的application对象'
unable to load app 0 (mountpoint='') (callable not found or import error)
*** no app loaded. going in full dynamic mode ***
*** uWSGI is running in multiple interpreter mode ***
spawned uWSGI master process (pid: 40326)
spawned uWSGI worker 1 (pid: 40327, cores: 1)
*** Starting uWSGI 2.0.19.1 (64bit) on [Wed Dec  2 15:38:21 2020] ***
compiled with version: Apple LLVM 12.0.0 (clang-1200.0.32.27) on 02 December 2020 06:33:11
os: Darwin-19.6.0 Darwin Kernel Version 19.6.0: Mon Aug 31 22:12:52 PDT 2020; root:xnu-6153.141.2~1/RELEASE_X86_64
nodename: wangqiangdeMacBook-Pro.local
machine: x86_64
clock source: unix
detected number of CPU cores: 8
current working directory: /Users/wangqiang/PycharmProjects/simple-django-login-and-register/source
detected binary path: /usr/local/bin/uwsgi
!!! no internal routing support, rebuild with pcre support !!!
chdir() to /Users/wangqiang/PycharmProjects/simple-django-login-and-register/source/app
your processes number limit is 1392
your memory page size is 4096 bytes
detected max file descriptor number: 2560
lock engine: OSX spinlocks
thunder lock: disabled (you can enable it with --thunder-lock)
probably another instance of uWSGI is running on the same address (127.0.0.1:8000         //对本机8000端口提供服务).
bind(): Address already in use [core/socket.c line 769]
...brutally killing workers...
worker 1 buried after 1 seconds
binary reloading uWSGI...
chdir() to /Users/wangqiang/PycharmProjects/simple-django-login-and-register/source
closing all non-uwsgi socket fds > 2 (max_fd = 2560)...
found fd 3 mapped to socket 0 (127.0.0.1:8000         //对本机8000端口提供服务)
running /usr/local/bin/uwsgi
[uWSGI] getting INI configuration from uwsgi.ini
*** Starting uWSGI 2.0.19.1 (64bit) on [Wed Dec  2 15:38:39 2020] ***
compiled with version: Apple LLVM 12.0.0 (clang-1200.0.32.27) on 02 December 2020 06:33:11
os: Darwin-19.6.0 Darwin Kernel Version 19.6.0: Mon Aug 31 22:12:52 PDT 2020; root:xnu-6153.141.2~1/RELEASE_X86_64
nodename: wangqiangdeMacBook-Pro.local
machine: x86_64
clock source: unix
detected number of CPU cores: 8
current working directory: /Users/wangqiang/PycharmProjects/simple-django-login-and-register/source
detected binary path: /usr/local/bin/uwsgi
!!! no internal routing support, rebuild with pcre support !!!
chdir() to /Users/wangqiang/PycharmProjects/simple-django-login-and-register/source/app
your processes number limit is 1392
your memory page size is 4096 bytes
detected max file descriptor number: 2560
lock engine: OSX spinlocks
thunder lock: disabled (you can enable it with --thunder-lock)
uwsgi socket 0 bound to TCP address 127.0.0.1:8000         //对本机8000端口提供服务 fd 3
Python version: 3.7.6 (default, Dec 30 2019, 19:38:28)  [Clang 11.0.0 (clang-1100.0.33.16)]
*** Python threads support is disabled. You can enable it with --enable-threads ***
Python main interpreter initialized at 0x7fd8f3706180
your server socket listen backlog is limited to 100 connections
your mercy for graceful operations on workers is 60 seconds
mapped 145792 bytes (142 KB) for 1 cores
*** Operational MODE: single process ***
ModuleNotFoundError: No module named 'app'
unable to load app 0 (mountpoint='') (callable not found or import error)
*** no app loaded. going in full dynamic mode ***
*** uWSGI is running in multiple interpreter mode ***
gracefully (RE)spawned uWSGI master process (pid: 40326)
spawned uWSGI worker 1 (pid: 40364, cores: 1)
*** Starting uWSGI 2.0.19.1 (64bit) on [Wed Dec  2 15:38:58 2020] ***
compiled with version: Apple LLVM 12.0.0 (clang-1200.0.32.27) on 02 December 2020 06:33:11
os: Darwin-19.6.0 Darwin Kernel Version 19.6.0: Mon Aug 31 22:12:52 PDT 2020; root:xnu-6153.141.2~1/RELEASE_X86_64
nodename: wangqiangdeMacBook-Pro.local
machine: x86_64
clock source: unix
detected number of CPU cores: 8
current working directory: /Users/wangqiang/PycharmProjects/simple-django-login-and-register/source
detected binary path: /usr/local/bin/uwsgi
!!! no internal routing support, rebuild with pcre support !!!
chdir() to /Users/wangqiang/PycharmProjects/simple-django-login-and-register/source/app
your processes number limit is 1392
your memory page size is 4096 bytes
detected max file descriptor number: 2560
lock engine: OSX spinlocks
thunder lock: disabled (you can enable it with --thunder-lock)
probably another instance of uWSGI is running on the same address (127.0.0.1:8000         //对本机8000端口提供服务).
bind(): Address already in use [core/socket.c line 769]
*** Starting uWSGI 2.0.19.1 (64bit) on [Wed Dec  2 15:40:48 2020] ***
compiled with version: Apple LLVM 12.0.0 (clang-1200.0.32.27) on 02 December 2020 06:33:11
os: Darwin-19.6.0 Darwin Kernel Version 19.6.0: Mon Aug 31 22:12:52 PDT 2020; root:xnu-6153.141.2~1/RELEASE_X86_64
nodename: wangqiangdeMacBook-Pro.local
machine: x86_64
clock source: unix
detected number of CPU cores: 8
current working directory: /Users/wangqiang/PycharmProjects/simple-django-login-and-register/source
detected binary path: /usr/local/bin/uwsgi
!!! no internal routing support, rebuild with pcre support !!!
chdir() to /Users/wangqiang/PycharmProjects/simple-django-login-and-register/source/app
your processes number limit is 1392
your memory page size is 4096 bytes
detected max file descriptor number: 2560
lock engine: OSX spinlocks
thunder lock: disabled (you can enable it with --thunder-lock)
uwsgi socket 0 bound to TCP address 127.0.0.1:8000         //对本机8000端口提供服务 fd 3
Python version: 3.7.6 (default, Dec 30 2019, 19:38:28)  [Clang 11.0.0 (clang-1100.0.33.16)]
*** Python threads support is disabled. You can enable it with --enable-threads ***
Python main interpreter initialized at 0x7f95975062d0
your server socket listen backlog is limited to 100 connections
your mercy for graceful operations on workers is 60 seconds
mapped 145792 bytes (142 KB) for 1 cores
*** Operational MODE: single process ***
ModuleNotFoundError: No module named 'app'
unable to load app 0 (mountpoint='') (callable not found or import error)
*** no app loaded. going in full dynamic mode ***
*** uWSGI is running in multiple interpreter mode ***
spawned uWSGI master process (pid: 40440)
spawned uWSGI worker 1 (pid: 40441, cores: 1)
...brutally killing workers...
worker 1 buried after 1 seconds
binary reloading uWSGI...
chdir() to /Users/wangqiang/PycharmProjects/simple-django-login-and-register/source
closing all non-uwsgi socket fds > 2 (max_fd = 2560)...
found fd 3 mapped to socket 0 (127.0.0.1:8000         //对本机8000端口提供服务)
running /usr/local/bin/uwsgi
[uWSGI] getting INI configuration from uwsgi.ini
*** Starting uWSGI 2.0.19.1 (64bit) on [Wed Dec  2 15:41:17 2020] ***
compiled with version: Apple LLVM 12.0.0 (clang-1200.0.32.27) on 02 December 2020 06:33:11
os: Darwin-19.6.0 Darwin Kernel Version 19.6.0: Mon Aug 31 22:12:52 PDT 2020; root:xnu-6153.141.2~1/RELEASE_X86_64
nodename: wangqiangdeMacBook-Pro.local
machine: x86_64
clock source: unix
detected number of CPU cores: 8
current working directory: /Users/wangqiang/PycharmProjects/simple-django-login-and-register/source
detected binary path: /usr/local/bin/uwsgi
!!! no internal routing support, rebuild with pcre support !!!
chdir() to /Users/wangqiang/PycharmProjects/simple-django-login-and-register/source/app
your processes number limit is 1392
your memory page size is 4096 bytes
detected max file descriptor number: 2560
lock engine: OSX spinlocks
thunder lock: disabled (you can enable it with --thunder-lock)
uwsgi socket 0 bound to TCP address 127.0.0.1:8000         //对本机8000端口提供服务 fd 3
Python version: 3.7.6 (default, Dec 30 2019, 19:38:28)  [Clang 11.0.0 (clang-1100.0.33.16)]
*** Python threads support is disabled. You can enable it with --enable-threads ***
Python main interpreter initialized at 0x7f879e40b0a0
your server socket listen backlog is limited to 100 connections
your mercy for graceful operations on workers is 60 seconds
mapped 145792 bytes (142 KB) for 1 cores
*** Operational MODE: single process ***
ModuleNotFoundError: No module named 'app'
unable to load app 0 (mountpoint='') (callable not found or import error)
*** no app loaded. going in full dynamic mode ***
*** uWSGI is running in multiple interpreter mode ***
gracefully (RE)spawned uWSGI master process (pid: 40440)
spawned uWSGI worker 1 (pid: 40454, cores: 1)
invalid request block size: 21573 (max 4096)...skip
invalid request block size: 21573 (max 4096)...skip
invalid request block size: 21573 (max 4096)...skip
invalid request block size: 21573 (max 4096)...skip
invalid request block size: 21573 (max 4096)...skip
invalid request block size: 21573 (max 4096)...skip
invalid request block size: 21573 (max 4096)...skip
invalid request block size: 21573 (max 4096)...skip
invalid request block size: 21573 (max 4096)...skip
invalid request block size: 21573 (max 4096)...skip
invalid request block size: 21573 (max 4096)...skip
invalid request block size: 21573 (max 4096)...skip
invalid request block size: 21573 (max 4096)...skip
invalid request block size: 21573 (max 4096)...skip
invalid request block size: 21573 (max 4096)...skip
invalid request block size: 21573 (max 4096)...skip
invalid request block size: 21573 (max 4096)...skip
invalid request block size: 21573 (max 4096)...skip
invalid request block size: 21573 (max 4096)...skip
invalid request block size: 21573 (max 4096)...skip
invalid request block size: 21573 (max 4096)...skip
invalid request block size: 21573 (max 4096)...skip
invalid request block size: 21573 (max 4096)...skip
invalid request block size: 21573 (max 4096)...skip
invalid request block size: 21573 (max 4096)...skip
invalid request block size: 21573 (max 4096)...skip
invalid request block size: 21573 (max 4096)...skip
invalid request block size: 21573 (max 4096)...skip
invalid request block size: 21573 (max 4096)...skip
invalid request block size: 21573 (max 4096)...skip
invalid request block size: 21573 (max 4096)...skip
invalid request block size: 21573 (max 4096)...skip
invalid request block size: 21573 (max 4096)...skip
invalid request block size: 21573 (max 4096)...skip
invalid request block size: 21573 (max 4096)...skip
invalid request block size: 21573 (max 4096)...skip
invalid request block size: 21573 (max 4096)...skip
invalid request block size: 21573 (max 4096)...skip
invalid request block size: 21573 (max 4096)...skip
invalid request block size: 21573 (max 4096)...skip
invalid request block size: 21573 (max 4096)...skip
invalid request block size: 21573 (max 4096)...skip
invalid request block size: 21573 (max 4096)...skip
invalid request block size: 21573 (max 4096)...skip
invalid request block size: 21573 (max 4096)...skip
invalid request block size: 21573 (max 4096)...skip
invalid request block size: 21573 (max 4096)...skip
invalid request block size: 21573 (max 4096)...skip
invalid request block size: 21573 (max 4096)...skip
invalid request block size: 21573 (max 4096)...skip
invalid request block size: 21573 (max 4096)...skip
invalid request block size: 21573 (max 4096)...skip
invalid request block size: 21573 (max 4096)...skip
invalid request block size: 21573 (max 4096)...skip
invalid request block size: 21573 (max 4096)...skip
invalid request block size: 21573 (max 4096)...skip
invalid request block size: 21573 (max 4096)...skip
invalid request block size: 21573 (max 4096)...skip
invalid request block size: 21573 (max 4096)...skip
invalid request block size: 21573 (max 4096)...skip
invalid request block size: 21573 (max 4096)...skip
invalid request block size: 21573 (max 4096)...skip
invalid request block size: 21573 (max 4096)...skip
invalid request block size: 21573 (max 4096)...skip
invalid request block size: 21573 (max 4096)...skip
invalid request block size: 21573 (max 4096)...skip
invalid request block size: 21573 (max 4096)...skip
invalid request block size: 21573 (max 4096)...skip
invalid request block size: 21573 (max 4096)...skip
invalid request block size: 21573 (max 4096)...skip
invalid request block size: 21573 (max 4096)...skip
invalid request block size: 21573 (max 4096)...skip
invalid request block size: 21573 (max 4096)...skip
invalid request block size: 21573 (max 4096)...skip
invalid request block size: 21573 (max 4096)...skip
*** Starting uWSGI 2.0.19.1 (64bit) on [Wed Dec  2 15:51:40 2020] ***
compiled with version: Apple LLVM 12.0.0 (clang-1200.0.32.27) on 02 December 2020 06:33:11
os: Darwin-19.6.0 Darwin Kernel Version 19.6.0: Mon Aug 31 22:12:52 PDT 2020; root:xnu-6153.141.2~1/RELEASE_X86_64
nodename: wangqiangdeMacBook-Pro.local
machine: x86_64
clock source: unix
detected number of CPU cores: 8
current working directory: /Users/wangqiang/PycharmProjects/simple-django-login-and-register/source
detected binary path: /usr/local/bin/uwsgi
!!! no internal routing support, rebuild with pcre support !!!
chdir() to /Users/wangqiang/PycharmProjects/simple-django-login-and-register/source
your processes number limit is 1392
your memory page size is 4096 bytes
detected max file descriptor number: 2560
lock engine: OSX spinlocks
thunder lock: disabled (you can enable it with --thunder-lock)
Python version: 3.7.6 (default, Dec 30 2019, 19:38:28)  [Clang 11.0.0 (clang-1100.0.33.16)]
*** Python threads support is disabled. You can enable it with --enable-threads ***
Python main interpreter initialized at 0x7fabff407bc0
The -s/--socket option is missing and stdin is not a socket.
*** Starting uWSGI 2.0.19.1 (64bit) on [Wed Dec  2 15:54:14 2020] ***
compiled with version: Apple LLVM 12.0.0 (clang-1200.0.32.27) on 02 December 2020 06:33:11
os: Darwin-19.6.0 Darwin Kernel Version 19.6.0: Mon Aug 31 22:12:52 PDT 2020; root:xnu-6153.141.2~1/RELEASE_X86_64
nodename: wangqiangdeMacBook-Pro.local
machine: x86_64
clock source: unix
detected number of CPU cores: 8
current working directory: /Users/wangqiang/PycharmProjects/simple-django-login-and-register/source
detected binary path: /usr/local/bin/uwsgi
!!! no internal routing support, rebuild with pcre support !!!
chdir() to /Users/wangqiang/PycharmProjects/simple-django-login-and-register/source
your processes number limit is 1392
your memory page size is 4096 bytes
detected max file descriptor number: 2560
lock engine: OSX spinlocks
thunder lock: disabled (you can enable it with --thunder-lock)
uwsgi socket 0 bound to TCP address 127.0.0.1:8000 fd 3
Python version: 3.7.6 (default, Dec 30 2019, 19:38:28)  [Clang 11.0.0 (clang-1100.0.33.16)]
*** Python threads support is disabled. You can enable it with --enable-threads ***
Python main interpreter initialized at 0x7fd37840a110
your server socket listen backlog is limited to 100 connections
your mercy for graceful operations on workers is 60 seconds
mapped 145792 bytes (142 KB) for 1 cores
*** Operational MODE: single process ***
unable to load app 0 (mountpoint='') (callable not found or import error)
*** no app loaded. going in full dynamic mode ***
*** uWSGI is running in multiple interpreter mode ***
spawned uWSGI master process (pid: 40812)
spawned uWSGI worker 1 (pid: 40813, cores: 1)
--- no python application found, check your startup logs for errors ---
--- no python application found, check your startup logs for errors ---
--- no python application found, check your startup logs for errors ---
--- no python application found, check your startup logs for errors ---
*** Starting uWSGI 2.0.19.1 (64bit) on [Wed Dec  2 15:58:35 2020] ***
compiled with version: Apple LLVM 12.0.0 (clang-1200.0.32.27) on 02 December 2020 06:33:11
os: Darwin-19.6.0 Darwin Kernel Version 19.6.0: Mon Aug 31 22:12:52 PDT 2020; root:xnu-6153.141.2~1/RELEASE_X86_64
nodename: wangqiangdeMacBook-Pro.local
machine: x86_64
clock source: unix
detected number of CPU cores: 8
current working directory: /Users/wangqiang/PycharmProjects/simple-django-login-and-register/source
detected binary path: /usr/local/bin/uwsgi
!!! no internal routing support, rebuild with pcre support !!!
your processes number limit is 1392
your memory page size is 4096 bytes
detected max file descriptor number: 2560
lock engine: OSX spinlocks
thunder lock: disabled (you can enable it with --thunder-lock)
probably another instance of uWSGI is running on the same address (127.0.0.1:8000).
bind(): Address already in use [core/socket.c line 769]
*** Starting uWSGI 2.0.19.1 (64bit) on [Wed Dec  2 15:59:06 2020] ***
compiled with version: Apple LLVM 12.0.0 (clang-1200.0.32.27) on 02 December 2020 06:33:11
os: Darwin-19.6.0 Darwin Kernel Version 19.6.0: Mon Aug 31 22:12:52 PDT 2020; root:xnu-6153.141.2~1/RELEASE_X86_64
nodename: wangqiangdeMacBook-Pro.local
machine: x86_64
clock source: unix
detected number of CPU cores: 8
current working directory: /Users/wangqiang/PycharmProjects/simple-django-login-and-register/source
detected binary path: /usr/local/bin/uwsgi
!!! no internal routing support, rebuild with pcre support !!!
your processes number limit is 1392
your memory page size is 4096 bytes
detected max file descriptor number: 2560
lock engine: OSX spinlocks
thunder lock: disabled (you can enable it with --thunder-lock)
uwsgi socket 0 bound to TCP address 127.0.0.1:8000 fd 3
Python version: 3.7.6 (default, Dec 30 2019, 19:38:28)  [Clang 11.0.0 (clang-1100.0.33.16)]
*** Python threads support is disabled. You can enable it with --enable-threads ***
Python main interpreter initialized at 0x7fa0b9c0bb60
your server socket listen backlog is limited to 100 connections
your mercy for graceful operations on workers is 60 seconds
mapped 145792 bytes (142 KB) for 1 cores
*** Operational MODE: single process ***
unable to load app 0 (mountpoint='') (callable not found or import error)
*** no app loaded. going in full dynamic mode ***
*** uWSGI is running in multiple interpreter mode ***
spawned uWSGI master process (pid: 40958)
spawned uWSGI worker 1 (pid: 40959, cores: 1)
*** Starting uWSGI 2.0.19.1 (64bit) on [Wed Dec  2 16:07:41 2020] ***
compiled with version: Apple LLVM 12.0.0 (clang-1200.0.32.27) on 02 December 2020 06:33:11
os: Darwin-19.6.0 Darwin Kernel Version 19.6.0: Mon Aug 31 22:12:52 PDT 2020; root:xnu-6153.141.2~1/RELEASE_X86_64
nodename: wangqiangdeMacBook-Pro.local
machine: x86_64
clock source: unix
detected number of CPU cores: 8
current working directory: /Users/wangqiang/PycharmProjects/simple-django-login-and-register/source
detected binary path: /usr/local/bin/uwsgi
!!! no internal routing support, rebuild with pcre support !!!
chdir() to /Users/wangqiang/PycharmProjects/simple-django-login-and-register/source
your processes number limit is 1392
your memory page size is 4096 bytes
detected max file descriptor number: 2560
lock engine: OSX spinlocks
thunder lock: disabled (you can enable it with --thunder-lock)
uwsgi socket 0 bound to TCP address 127.0.0.1:8000 fd 3
Python version: 3.7.6 (default, Dec 30 2019, 19:38:28)  [Clang 11.0.0 (clang-1100.0.33.16)]
*** Python threads support is disabled. You can enable it with --enable-threads ***
Python main interpreter initialized at 0x7f95b9407e70
your server socket listen backlog is limited to 100 connections
your mercy for graceful operations on workers is 60 seconds
mapped 145792 bytes (142 KB) for 1 cores
*** Operational MODE: single process ***
unable to load app 0 (mountpoint='') (callable not found or import error)
*** no app loaded. going in full dynamic mode ***
*** uWSGI is running in multiple interpreter mode ***
spawned uWSGI master process (pid: 41176)
spawned uWSGI worker 1 (pid: 41177, cores: 1)
...brutally killing workers...
worker 1 buried after 1 seconds
binary reloading uWSGI...
chdir() to /Users/wangqiang/PycharmProjects/simple-django-login-and-register/source
closing all non-uwsgi socket fds > 2 (max_fd = 2560)...
found fd 3 mapped to socket 0 (127.0.0.1:8000)
running /usr/local/bin/uwsgi
[uWSGI] getting INI configuration from uwsgi.ini
*** Starting uWSGI 2.0.19.1 (64bit) on [Wed Dec  2 16:10:00 2020] ***
compiled with version: Apple LLVM 12.0.0 (clang-1200.0.32.27) on 02 December 2020 06:33:11
os: Darwin-19.6.0 Darwin Kernel Version 19.6.0: Mon Aug 31 22:12:52 PDT 2020; root:xnu-6153.141.2~1/RELEASE_X86_64
nodename: wangqiangdeMacBook-Pro.local
machine: x86_64
clock source: unix
detected number of CPU cores: 8
current working directory: /Users/wangqiang/PycharmProjects/simple-django-login-and-register/source
detected binary path: /usr/local/bin/uwsgi
!!! no internal routing support, rebuild with pcre support !!!
chdir() to /Users/wangqiang/PycharmProjects/simple-django-login-and-register/source
your processes number limit is 1392
your memory page size is 4096 bytes
detected max file descriptor number: 2560
lock engine: OSX spinlocks
thunder lock: disabled (you can enable it with --thunder-lock)
uwsgi socket 0 inherited INET address 127.0.0.1:8000 fd 3
Python version: 3.7.6 (default, Dec 30 2019, 19:38:28)  [Clang 11.0.0 (clang-1100.0.33.16)]
*** Python threads support is disabled. You can enable it with --enable-threads ***
Python main interpreter initialized at 0x7fcb18e063b0
your server socket listen backlog is limited to 100 connections
your mercy for graceful operations on workers is 60 seconds
mapped 145792 bytes (142 KB) for 1 cores
*** Operational MODE: single process ***
unable to load app 0 (mountpoint='') (callable not found or import error)
*** no app loaded. going in full dynamic mode ***
*** uWSGI is running in multiple interpreter mode ***
gracefully (RE)spawned uWSGI master process (pid: 41176)
spawned uWSGI worker 1 (pid: 41232, cores: 1)
*** Starting uWSGI 2.0.19.1 (64bit) on [Wed Dec  2 16:23:48 2020] ***
compiled with version: Apple LLVM 12.0.0 (clang-1200.0.32.27) on 02 December 2020 06:33:11
os: Darwin-19.6.0 Darwin Kernel Version 19.6.0: Mon Aug 31 22:12:52 PDT 2020; root:xnu-6153.141.2~1/RELEASE_X86_64
nodename: wangqiangdeMacBook-Pro.local
machine: x86_64
clock source: unix
detected number of CPU cores: 8
current working directory: /Users/wangqiang/PycharmProjects/simple-django-login-and-register/source
detected binary path: /usr/local/bin/uwsgi
!!! no internal routing support, rebuild with pcre support !!!
chdir() to /Users/wangqiang/PycharmProjects/simple-django-login-and-register/source
your processes number limit is 1392
your memory page size is 4096 bytes
detected max file descriptor number: 2560
lock engine: OSX spinlocks
thunder lock: disabled (you can enable it with --thunder-lock)
uwsgi socket 0 bound to TCP address 127.0.0.1:8000 fd 3
Python version: 3.7.6 (default, Dec 30 2019, 19:38:28)  [Clang 11.0.0 (clang-1100.0.33.16)]
*** Python threads support is disabled. You can enable it with --enable-threads ***
Python main interpreter initialized at 0x7f8261f096e0
your server socket listen backlog is limited to 100 connections
your mercy for graceful operations on workers is 60 seconds
mapped 145792 bytes (142 KB) for 1 cores
*** Operational MODE: single process ***
WSGI app 0 (mountpoint='') ready in 1 seconds on interpreter 0x7f8261f096e0 pid: 41631 (default app)
*** uWSGI is running in multiple interpreter mode ***
spawned uWSGI master process (pid: 41631)
spawned uWSGI worker 1 (pid: 41632, cores: 1)
AnonymousUser
False
session testcookie => worked
AnonymousUser
False
session testcookie => worked
AnonymousUser
False
session testcookie => worked
AnonymousUser
False
session testcookie => worked
invalid request block size: 21573 (max 4096)...skip
invalid request block size: 21573 (max 4096)...skip
invalid request block size: 21573 (max 4096)...skip
invalid request block size: 21573 (max 4096)...skip
invalid request block size: 21573 (max 4096)...skip
invalid request block size: 21573 (max 4096)...skip
invalid request block size: 21573 (max 4096)...skip
AnonymousUser
False
session testcookie => worked
